app/build/outputs/logs/manifest-merger-debug-report.txt
-- Merging decision tree log ---
manifest
ADDED from src\main\AndroidManifest.xml:2:5-28:16
	package
		ADDED from src\main\AndroidManifest.xml:3:9-45
		INJECTED from src\main\AndroidManifest.xml
		INJECTED from src\main\AndroidManifest.xml
	android:versionName
		INJECTED from src\main\AndroidManifest.xml
		INJECTED from src\main\AndroidManifest.xml
	xmlns:android
		ADDED from src\main\AndroidManifest.xml:2:15-73
	android:versionCode
		INJECTED from src\main\AndroidManifest.xml
		INJECTED from src\main\AndroidManifest.xml
uses-permission#android.permission.CALL_PRIVILEGED
ADDED from src\main\AndroidManifest.xml:5:9-78
	android:name
		ADDED from src\main\AndroidManifest.xml:5:26-75
uses-permission#android.permission.CALL_PHONE
ADDED from src\main\AndroidManifest.xml:6:9-73
	android:name
		ADDED from src\main\AndroidManifest.xml:6:26-70
uses-permission#android.permission.INTERNET
ADDED from src\main\AndroidManifest.xml:7:9-71
	android:name
		ADDED from src\main\AndroidManifest.xml:7:26-68
uses-permission#android.permission.CAMERA
ADDED from src\main\AndroidManifest.xml:8:9-69
	android:name
		ADDED from src\main\AndroidManifest.xml:8:26-66
uses-permission#android.permission.READ_CONTACTS
ADDED from src\main\AndroidManifest.xml:9:9-76
	android:name
		ADDED from src\main\AndroidManifest.xml:9:26-73
uses-permission#android.permission.WRITE_EXTERNAL_STORAGE
ADDED from src\main\AndroidManifest.xml:10:9-85
	android:name
		ADDED from src\main\AndroidManifest.xml:10:26-82
application
ADDED from src\main\AndroidManifest.xml:12:9-26:23
MERGED from [com.android.support:appcompat-v7:23.1.0] AndroidManifest.xml:22:5-20
MERGED from [com.android.support:support-v4:23.1.0] AndroidManifest.xml:22:5-20
MERGED from [com.android.support:design:23.1.0] AndroidManifest.xml:22:5-20
MERGED from [com.android.support:appcompat-v7:23.1.0] AndroidManifest.xml:22:5-20
MERGED from [com.android.support:support-v4:23.1.0] AndroidManifest.xml:22:5-20
MERGED from [com.android.support:support-v4:23.1.0] AndroidManifest.xml:22:5-20
MERGED from [com.android.support:support-v4:23.1.0] AndroidManifest.xml:22:5-20
	android:label
		ADDED from src\main\AndroidManifest.xml:15:13-45
	android:allowBackup
		ADDED from src\main\AndroidManifest.xml:13:13-39
	android:icon
		ADDED from src\main\AndroidManifest.xml:14:13-47
	android:theme
		ADDED from src\main\AndroidManifest.xml:16:13-44
activity#fr.eurecom.implicit_intent.MainActivity
ADDED from src\main\AndroidManifest.xml:17:13-25:24
	android:label
		ADDED from src\main\AndroidManifest.xml:19:17-49
	android:name
		ADDED from src\main\AndroidManifest.xml:18:17-45
intent-filter#android.intent.action.MAIN+android.intent.category.LAUNCHER
ADDED from src\main\AndroidManifest.xml:20:17-24:33
action#android.intent.action.MAIN
ADDED from src\main\AndroidManifest.xml:21:21-73
	android:name
		ADDED from src\main\AndroidManifest.xml:21:29-70
category#android.intent.category.LAUNCHER
ADDED from src\main\AndroidManifest.xml:23:21-81
	android:name
		ADDED from src\main\AndroidManifest.xml:23:31-78
uses-sdk
INJECTED from src\main\AndroidManifest.xml reason: use-sdk injection requested
MERGED from [com.android.support:appcompat-v7:23.1.0] AndroidManifest.xml:20:5-43
MERGED from [com.android.support:support-v4:23.1.0] AndroidManifest.xml:20:5-43
MERGED from [com.android.support:design:23.1.0] AndroidManifest.xml:20:5-43
MERGED from [com.android.support:appcompat-v7:23.1.0] AndroidManifest.xml:20:5-43
MERGED from [com.android.support:support-v4:23.1.0] AndroidManifest.xml:20:5-43
MERGED from [com.android.support:recyclerview-v7:23.1.0] AndroidManifest.xml:20:5-43
MERGED from [com.android.support:support-v4:23.1.0] AndroidManifest.xml:20:5-43
MERGED from [com.android.support:support-v4:23.1.0] AndroidManifest.xml:20:5-43
	android:targetSdkVersion
		INJECTED from src\main\AndroidManifest.xml
		INJECTED from src\main\AndroidManifest.xml
	android:minSdkVersion
		INJECTED from src\main\AndroidManifest.xml
		INJECTED from src\main\AndroidManifest.xml